<?xml version="1.0" encoding="UTF-8"?>
<stmset xmlns:xsi="http://www.w3.org/2000/10/XMLSchema-instance"
    xmlns="http://www.barzer.net/barzel/0.1">
    
    <stmt>
        <pat>
            <perm>
                <t>$</t>
                <list v="val"><n /></list>
            </perm> 
        </pat>
        <tran>
            <func name="mkERC">
            <func name="mkEnt"><ltrl t="string">USD</ltrl><rn v="1" /><rn v="1" /></func>
            <func name="mkRange"><var name="val" /></func>
            </func>
        </tran>
    </stmt>    
    <stmt>
        <pat>
            <perm>
                <t>mkerc</t>
            </perm> 
        </pat>
        <tran>
            <func name="mkERC">
            <func name="mkEnt"><ltrl t="string">USD</ltrl><rn v="1" /><rn v="1" /></func>
            </func>
        </tran>
    </stmt>    

    <stmt>
    <pat><t>ent</t></pat>
    <tran> 
 	<func name="mkEnt"><ltrl t="string">EUR</ltrl><rn v="1" /><rn v="1" /></func>
	</tran>
    </stmt>
    <stmt>
    <pat><t>ent2</t></pat>
    <tran> 
 	<func name="mkEnt"><ltrl t="string">BOO</ltrl><rn v="1" /><rn v="2" /></func>
	</tran>
    </stmt>

    <stmt>
    <pat><t>foo</t><erc/></pat>
    <tran> <ltrl t="f">erc</ltrl> </tran>
    </stmt>
    <stmt>
    <pat><t>moo</t><ent/></pat>
    <tran> <ltrl t="f">ent</ltrl> </tran>
    </stmt>

    <stmt>
    <pat><t>two</t><ent c="1" s="2"/></pat>
    <tran> <ltrl t="f">ent2</ltrl> </tran>
    </stmt>

    <stmt>
    <pat><t>one</t><ent c="1" s="1"/></pat>
    <tran> <ltrl t="f">ent1</ltrl> </tran>
    </stmt>
    
        
</stmset>
