<?xml version="1.0" encoding="UTF-8"?>
<stmset xmlns:xsi="http://www.w3.org/2000/10/XMLSchema-instance"
    xmlns="http://www.barzer.net/barzel/0.1">


<stmt m="foo">
    <pat><t>foo</t></pat>
</stmt>
<stmt>
    <pat>
        <expand n="foo" as="foo" /><t>bar</t>
    </pat>
    <tran><var name="foo" /></tran>
</stmt>

</stmset>