<?xml version="1.0" encoding="UTF-8"?>
<stmset xmlns:xsi="http://www.w3.org/2000/10/XMLSchema-instance"
    xmlns="http://www.barzer.net/barzel/0.1">
    <stmt>
    <pat>
    <list v="x">
        <t>foo</t><t>bar</t>
    </list>
    </pat>
    <tran>
    <!-- func name="test"><var name="x" /></func -->
    <func name="mkFluff"><var name="x" /></func>
    </tran>
    </stmt>
    
        
</stmset>