<?xml version="1.0" encoding="UTF-8"?>
<stmset xmlns:xsi="http://www.w3.org/2000/10/XMLSchema-instance"
    xmlns="http://www.barzer.net/barzel/0.1">
    <stmt>
    <pat>
        <t>foo</t><list v="x"><n /></list></pat>
    <tran>
        <var name="x" />
    </tran>
    </stmt>
    
        
</stmset>