<?xml version="1.0" encoding="UTF-8"?>
<stmset xmlns:xsi="http://www.w3.org/2000/10/XMLSchema-instance"
    xmlns="http://www.barzer.net/barzel/0.1">


<stmt>
    <pat><t>moo</t><opt v="x"><t>boo</t></opt></pat>
    <tran>
        <or>
            <and>
                <not><var name="x" /></not>
                <ltrl>naaah</ltrl>
            </and>
            <ltrl>yaah</ltrl>
       </or>
    </tran>
</stmt>



<stmt>
    <pat>
        <any v="x">
            <t>foo</t>
            <t>bar</t>
            <t>baz</t>
            <t>lala</t>
        </any>
    </pat>
    <tran>
       <test>
           <cond>
               <func name="opEq"><var name="x" /><ltrl>foo</ltrl></func>
               <rn v="1" />
           </cond>
           <cond>
               <func name="opEq"><var name="x" /><ltrl>bar</ltrl></func>
               <rn v="2" />
           </cond>
           <cond>
               <func name="opEq"><var name="x" /><ltrl>baz</ltrl></func>
               <rn v="3" />
           </cond>
            <rn v="9" />
       </test>
    </tran>
</stmt>


</stmset>
